<?xml version="1.0" encoding="UTF-8"?>
<!-- Generated by org.testng.reporters.JUnitReportReporter -->
<testsuite skipped="0" hostname="IS-KBDR15S1" name="com.test.TestNGDependency" tests="3" failures="0" timestamp="28 Jan 2020 06:05:06 GMT" time="0.015" errors="0">
  <testcase name="test3" time="0.000" classname="com.test.TestNGDependency"/>
  <testcase name="test1" time="0.015" classname="com.test.TestNGDependency"/>
  <testcase name="test2" time="0.000" classname="com.test.TestNGDependency"/>
</testsuite> <!-- com.test.TestNGDependency -->
