<?xml version="1.0" encoding="UTF-8"?>
<!-- Generated by org.testng.reporters.JUnitReportReporter -->
<testsuite skipped="0" hostname="IS-KBDR15S1" name="test2.ClassOne" tests="1" failures="0" timestamp="20 Mar 2019 11:32:11 GMT" time="6.588" errors="0">
  <testcase name="logoutTest" time="6.588" classname="test2.ClassOne"/>
</testsuite> <!-- test2.ClassOne -->
