<?xml version="1.0" encoding="UTF-8"?>
<!-- Generated by org.testng.reporters.JUnitReportReporter -->
<testsuite skipped="0" hostname="IS-KBDR15S1" name="test2.ClassTwo" tests="5" failures="0" timestamp="20 Mar 2019 11:32:11 GMT" time="30.109" errors="0">
  <testcase name="poNoType" time="7.505" classname="test2.ClassTwo"/>
  <testcase name="searchButtonExist" time="6.165" classname="test2.ClassTwo"/>
  <testcase name="invNoType" time="5.538" classname="test2.ClassTwo"/>
  <testcase name="exportButtonExist" time="5.331" classname="test2.ClassTwo"/>
  <testcase name="pNameType" time="5.570" classname="test2.ClassTwo"/>
</testsuite> <!-- test2.ClassTwo -->
