<?xml version="1.0" encoding="UTF-8"?>
<!-- Generated by org.testng.reporters.JUnitReportReporter -->
<testsuite skipped="0" hostname="IS-KBDR15S1" name="com.test.TestNGBasicTest" tests="9" failures="0" timestamp="28 Jan 2020 07:00:58 GMT" time="73.513" errors="0">
  <testcase name="TitleTest" time="8.219" classname="com.test.TestNGBasicTest"/>
  <testcase name="LogoTest" time="7.889" classname="com.test.TestNGBasicTest"/>
  <testcase name="GmailLinkTest" time="8.930" classname="com.test.TestNGBasicTest"/>
  <testcase name="ImagesLinkTest" time="8.959" classname="com.test.TestNGBasicTest"/>
  <testcase name="SignInBtnTest" time="8.377" classname="com.test.TestNGBasicTest"/>
  <testcase name="IFLBtnTest" time="8.336" classname="com.test.TestNGBasicTest"/>
  <testcase name="SearchBtnTest" time="5.949" classname="com.test.TestNGBasicTest"/>
  <testcase name="GetStartLinkTest" time="8.134" classname="com.test.TestNGBasicTest"/>
  <testcase name="VoiceAssistLogoTest" time="8.720" classname="com.test.TestNGBasicTest"/>
</testsuite> <!-- com.test.TestNGBasicTest -->
