<?xml version="1.0" encoding="UTF-8"?>
<!-- Generated by org.testng.reporters.JUnitReportReporter -->
<testsuite skipped="0" hostname="IS-KBDR15S1" name="com.test.TestNGInvocationCount" tests="11" failures="0" timestamp="28 Jan 2020 06:11:07 GMT" time="0.032" errors="0">
  <testcase name="DisplayMultipleTimes" time="0.000" classname="com.test.TestNGInvocationCount"/>
  <testcase name="DisplayMultipleTimes" time="0.000" classname="com.test.TestNGInvocationCount"/>
  <testcase name="DisplayMultipleTimes" time="0.000" classname="com.test.TestNGInvocationCount"/>
  <testcase name="DisplayMultipleTimes" time="0.000" classname="com.test.TestNGInvocationCount"/>
  <testcase name="DisplayMultipleTimes" time="0.000" classname="com.test.TestNGInvocationCount"/>
  <testcase name="DisplayMultipleTimes" time="0.000" classname="com.test.TestNGInvocationCount"/>
  <testcase name="DisplayMultipleTimes" time="0.000" classname="com.test.TestNGInvocationCount"/>
  <testcase name="Display" time="0.016" classname="com.test.TestNGInvocationCount"/>
  <testcase name="DisplayMultipleTimes" time="0.000" classname="com.test.TestNGInvocationCount"/>
  <testcase name="DisplayMultipleTimes" time="0.000" classname="com.test.TestNGInvocationCount"/>
  <testcase name="DisplayMultipleTimes" time="0.016" classname="com.test.TestNGInvocationCount"/>
</testsuite> <!-- com.test.TestNGInvocationCount -->
