<?xml version="1.0" encoding="UTF-8"?>
<!-- Generated by org.testng.reporters.JUnitReportReporter -->
<testsuite skipped="0" hostname="IS-KBDR15S1" name="com.test.TestNGDataProvider" tests="5" failures="0" timestamp="14 Oct 2019 10:45:21 GMT" time="71.945" errors="0">
  <testcase name="RegPageTest" time="9.817" classname="com.test.TestNGDataProvider"/>
  <testcase name="RegPageTest" time="13.137" classname="com.test.TestNGDataProvider"/>
  <testcase name="RegPageTest" time="26.579" classname="com.test.TestNGDataProvider"/>
  <testcase name="RegPageTest" time="12.501" classname="com.test.TestNGDataProvider"/>
  <testcase name="RegPageTest" time="9.911" classname="com.test.TestNGDataProvider"/>
</testsuite> <!-- com.test.TestNGDataProvider -->
