<?xml version="1.0" encoding="UTF-8"?>
<!-- Generated by org.testng.reporters.JUnitReportReporter -->
<testsuite skipped="0" hostname="IS-KBDR15S1" name="test2.RightClick" tests="1" failures="0" timestamp="25 Mar 2019 07:24:33 GMT" time="15.710" errors="0">
  <testcase name="rightClickTest" time="15.710" classname="test2.RightClick"/>
</testsuite> <!-- test2.RightClick -->
