<?xml version="1.0" encoding="UTF-8"?>
<!-- Generated by org.testng.reporters.JUnitReportReporter -->
<testsuite skipped="0" hostname="IS-KBDR15S1" name="com.test.TestNGBasics" tests="3" failures="0" timestamp="28 Jan 2020 05:14:22 GMT" time="0.016" errors="0">
  <testcase name="LogoTest" time="0.000" classname="com.test.TestNGBasics"/>
  <testcase name="TitleTest" time="0.016" classname="com.test.TestNGBasics"/>
  <testcase name="ImageTest" time="0.000" classname="com.test.TestNGBasics"/>
</testsuite> <!-- com.test.TestNGBasics -->
