<?xml version="1.0" encoding="UTF-8"?>
<!-- Generated by org.testng.reporters.JUnitReportReporter -->
<testsuite skipped="0" hostname="IS-KBDR15S1" name="test1DataDriven.yahooMailPage" tests="1" failures="0" timestamp="19 Mar 2019 10:03:47 GMT" time="21.214" errors="0">
  <testcase name="yahooMailPagrTest" time="21.214" classname="test1DataDriven.yahooMailPage"/>
</testsuite> <!-- test1DataDriven.yahooMailPage -->
