<?xml version="1.0" encoding="UTF-8"?>
<!-- Generated by org.testng.reporters.JUnitReportReporter -->
<testsuite skipped="0" hostname="IS-KBDR15S1" name="com.test.TestNGParametersTest" tests="1" failures="0" timestamp="28 Jan 2020 08:25:21 GMT" time="44.497" errors="0">
  <testcase name="CRMLoginTest" time="44.497" classname="com.test.TestNGParametersTest"/>
</testsuite> <!-- com.test.TestNGParametersTest -->
