<?xml version="1.0" encoding="UTF-8"?>
<!-- Generated by org.testng.reporters.JUnitReportReporter -->
<testsuite skipped="0" hostname="IS-KBDR15S1" name="testNGDataDriven.TestNGDataProvider" tests="5" failures="0" timestamp="28 Jan 2020 09:41:44 GMT" time="53.806" errors="0">
  <testcase name="RegPageTest" time="11.502" classname="testNGDataDriven.TestNGDataProvider"/>
  <testcase name="RegPageTest" time="8.978" classname="testNGDataDriven.TestNGDataProvider"/>
  <testcase name="RegPageTest" time="14.582" classname="testNGDataDriven.TestNGDataProvider"/>
  <testcase name="RegPageTest" time="8.818" classname="testNGDataDriven.TestNGDataProvider"/>
  <testcase name="RegPageTest" time="9.926" classname="testNGDataDriven.TestNGDataProvider"/>
</testsuite> <!-- testNGDataDriven.TestNGDataProvider -->
